<?xml version="1.0" encoding="UTF-8"?>
<!-- Generated by org.testng.reporters.JUnitReportReporter -->
<testsuite hostname="abdulraheemPC" failures="0" tests="12" name="MyTestCases" time="5.528" errors="0" timestamp="2025-07-22T21:19:46 EET" skipped="11">
  <testcase classname="MyTestCases" name="Calender" time="5.528"/>
  <testcase classname="MyTestCases" name="Select_tag">
    <skipped/>
  </testcase> <!-- Select_tag -->
  <testcase classname="MyTestCases" name="MouseHover">
    <skipped/>
  </testcase> <!-- MouseHover -->
  <testcase classname="MyTestCases" name="AlertAndConfirm">
    <skipped/>
  </testcase> <!-- AlertAndConfirm -->
  <testcase classname="MyTestCases" name="EnableAndDsiable">
    <skipped/>
  </testcase> <!-- EnableAndDsiable -->
  <testcase classname="MyTestCases" name="Dynamic_Dropdown_Example">
    <skipped/>
  </testcase> <!-- Dynamic_Dropdown_Example -->
  <testcase classname="MyTestCases" name="open_Window">
    <skipped/>
  </testcase> <!-- open_Window -->
  <testcase classname="MyTestCases" name="HideAndShow">
    <skipped/>
  </testcase> <!-- HideAndShow -->
  <testcase classname="MyTestCases" name="open_tab">
    <skipped/>
  </testcase> <!-- open_tab -->
  <testcase classname="MyTestCases" name="CheckBox">
    <skipped/>
  </testcase> <!-- CheckBox -->
  <testcase classname="MyTestCases" name="RadioButton">
    <skipped/>
  </testcase> <!-- RadioButton -->
  <testcase classname="MyTestCases" name="TheTable">
    <skipped/>
  </testcase> <!-- TheTable -->
</testsuite> <!-- MyTestCases -->
