<?xml version="1.0" encoding="UTF-8"?>
<!-- Generated by org.testng.reporters.JUnitReportReporter -->
<testsuite hostname="abdulraheemPC" failures="0" tests="16" name="MyTestCases" time="92.188" errors="0" timestamp="2025-07-23T21:40:32 EET" skipped="11">
  <testcase classname="MyTestCases" name="addData" time="0.017"/>
  <testcase classname="MyTestCases" name="updateData" time="0.005"/>
  <testcase classname="MyTestCases" name="Calender" time="14.805"/>
  <testcase classname="MyTestCases" name="DeleteData" time="72.631"/>
  <testcase classname="MyTestCases" name="TakeAscreenShot" time="4.730"/>
  <testcase classname="MyTestCases" name="EnableAndDsiable">
    <skipped/>
  </testcase> <!-- EnableAndDsiable -->
  <testcase classname="MyTestCases" name="HideAndShow">
    <skipped/>
  </testcase> <!-- HideAndShow -->
  <testcase classname="MyTestCases" name="Dynamic_Dropdown_Example">
    <skipped/>
  </testcase> <!-- Dynamic_Dropdown_Example -->
  <testcase classname="MyTestCases" name="open_Window">
    <skipped/>
  </testcase> <!-- open_Window -->
  <testcase classname="MyTestCases" name="MouseHover">
    <skipped/>
  </testcase> <!-- MouseHover -->
  <testcase classname="MyTestCases" name="Select_tag">
    <skipped/>
  </testcase> <!-- Select_tag -->
  <testcase classname="MyTestCases" name="open_tab">
    <skipped/>
  </testcase> <!-- open_tab -->
  <testcase classname="MyTestCases" name="RadioButton">
    <skipped/>
  </testcase> <!-- RadioButton -->
  <testcase classname="MyTestCases" name="TheTable">
    <skipped/>
  </testcase> <!-- TheTable -->
  <testcase classname="MyTestCases" name="CheckBox">
    <skipped/>
  </testcase> <!-- CheckBox -->
  <testcase classname="MyTestCases" name="AlertAndConfirm">
    <skipped/>
  </testcase> <!-- AlertAndConfirm -->
</testsuite> <!-- MyTestCases -->
